# JRE version: OpenJDK Runtime Environment (8.0_202-b03) (build 1.8.0_202-release-1483-b03)
# Java VM: OpenJDK 64-Bit Server VM (25.202-b03 mixed mode windows-amd64 compressed oops)
Heap:
 PSYoungGen      total 447488K, used 223484K [0x00000000e0000000, 0x00000000fec80000, 0x0000000100000000)
  eden space 392704K, 54% used [0x00000000e0000000,0x00000000ed213068,0x00000000f7f80000)
  from space 54784K, 15% used [0x00000000f7f80000,0x00000000f87ac0a0,0x00000000fb500000)
  to   space 54272K, 0% used [0x00000000fb780000,0x00000000fb780000,0x00000000fec80000)
 ParOldGen       total 247808K, used 100480K [0x00000000a0000000, 0x00000000af200000, 0x00000000e0000000)
  object space 247808K, 40% used [0x00000000a0000000,0x00000000a6220028,0x00000000af200000)
 Metaspace       used 190672K, capacity 203550K, committed 203724K, reserved 1226752K
  class space    used 24274K, capacity 26357K, committed 26368K, reserved 1048576K
GC Heap History (10 events):
Event: 19022.344 GC heap before
{Heap before GC invocations=76 (full 5):
 PSYoungGen      total 441856K, used 411836K [0x00000000e0000000, 0x00000000ff080000, 0x0000000100000000)
  eden space 385536K, 100% used [0x00000000e0000000,0x00000000f7880000,0x00000000f7880000)
  from space 56320K, 46% used [0x00000000fb980000,0x00000000fd32f260,0x00000000ff080000)
  to   space 61440K, 0% used [0x00000000f7880000,0x00000000f7880000,0x00000000fb480000)
 ParOldGen       total 247808K, used 92126K [0x00000000a0000000, 0x00000000af200000, 0x00000000e0000000)
  object space 247808K, 37% used [0x00000000a0000000,0x00000000a59f7800,0x00000000af200000)
 Metaspace       used 189862K, capacity 202696K, committed 202956K, reserved 1226752K
  class space    used 24227K, capacity 26318K, committed 26368K, reserved 1048576K
Event: 19022.615 GC heap after
Heap after GC invocations=76 (full 5):
 PSYoungGen      total 446976K, used 18513K [0x00000000e0000000, 0x00000000ff200000, 0x0000000100000000)
  eden space 385536K, 0% used [0x00000000e0000000,0x00000000e0000000,0x00000000f7880000)
  from space 61440K, 30% used [0x00000000f7880000,0x00000000f8a94778,0x00000000fb480000)
  to   space 59904K, 0% used [0x00000000fb780000,0x00000000fb780000,0x00000000ff200000)
 ParOldGen       total 247808K, used 92134K [0x00000000a0000000, 0x00000000af200000, 0x00000000e0000000)
  object space 247808K, 37% used [0x00000000a0000000,0x00000000a59f9800,0x00000000af200000)
 Metaspace       used 189862K, capacity 202696K, committed 202956K, reserved 1226752K
  class space    used 24227K, capacity 26318K, committed 26368K, reserved 1048576K
}
Event: 19452.141 GC heap before
{Heap before GC invocations=77 (full 5):
 PSYoungGen      total 446976K, used 404049K [0x00000000e0000000, 0x00000000ff200000, 0x0000000100000000)
  eden space 385536K, 100% used [0x00000000e0000000,0x00000000f7880000,0x00000000f7880000)
  from space 61440K, 30% used [0x00000000f7880000,0x00000000f8a94778,0x00000000fb480000)
  to   space 59904K, 0% used [0x00000000fb780000,0x00000000fb780000,0x00000000ff200000)
 ParOldGen       total 247808K, used 92134K [0x00000000a0000000, 0x00000000af200000, 0x00000000e0000000)
  object space 247808K, 37% used [0x00000000a0000000,0x00000000a59f9800,0x00000000af200000)
 Metaspace       used 190104K, capacity 202972K, committed 203212K, reserved 1226752K
  class space    used 24241K, capacity 26330K, committed 26368K, reserved 1048576K
Event: 19452.187 GC heap after
Heap after GC invocations=77 (full 5):
 PSYoungGen      total 444928K, used 15832K [0x00000000e0000000, 0x00000000fee00000, 0x0000000100000000)
  eden space 389120K, 0% used [0x00000000e0000000,0x00000000e0000000,0x00000000f7c00000)
  from space 55808K, 28% used [0x00000000fb780000,0x00000000fc6f6300,0x00000000fee00000)
  to   space 58368K, 0% used [0x00000000f7c00000,0x00000000f7c00000,0x00000000fb500000)
 ParOldGen       total 247808K, used 92142K [0x00000000a0000000, 0x00000000af200000, 0x00000000e0000000)
  object space 247808K, 37% used [0x00000000a0000000,0x00000000a59fb800,0x00000000af200000)
 Metaspace       used 190104K, capacity 202972K, committed 203212K, reserved 1226752K
  class space    used 24241K, capacity 26330K, committed 26368K, reserved 1048576K
}
Event: 19670.038 GC heap before
{Heap before GC invocations=78 (full 5):
 PSYoungGen      total 444928K, used 404952K [0x00000000e0000000, 0x00000000fee00000, 0x0000000100000000)
  eden space 389120K, 100% used [0x00000000e0000000,0x00000000f7c00000,0x00000000f7c00000)
  from space 55808K, 28% used [0x00000000fb780000,0x00000000fc6f6300,0x00000000fee00000)
  to   space 58368K, 0% used [0x00000000f7c00000,0x00000000f7c00000,0x00000000fb500000)
 ParOldGen       total 247808K, used 92142K [0x00000000a0000000, 0x00000000af200000, 0x00000000e0000000)
  object space 247808K, 37% used [0x00000000a0000000,0x00000000a59fb800,0x00000000af200000)
 Metaspace       used 190197K, capacity 202976K, committed 203212K, reserved 1226752K
  class space    used 24241K, capacity 26330K, committed 26368K, reserved 1048576K
Event: 19670.495 GC heap after
Heap after GC invocations=78 (full 5):
 PSYoungGen      total 447488K, used 16136K [0x00000000e0000000, 0x00000000fee80000, 0x0000000100000000)
  eden space 389120K, 0% used [0x00000000e0000000,0x00000000e0000000,0x00000000f7c00000)
  from space 58368K, 27% used [0x00000000f7c00000,0x00000000f8bc2330,0x00000000fb500000)
  to   space 56320K, 0% used [0x00000000fb780000,0x00000000fb780000,0x00000000fee80000)
 ParOldGen       total 247808K, used 92150K [0x00000000a0000000, 0x00000000af200000, 0x00000000e0000000)
  object space 247808K, 37% used [0x00000000a0000000,0x00000000a59fd800,0x00000000af200000)
 Metaspace       used 190197K, capacity 202976K, committed 203212K, reserved 1226752K
  class space    used 24241K, capacity 26330K, committed 26368K, reserved 1048576K
}
Event: 19930.255 GC heap before
{Heap before GC invocations=79 (full 5):
 PSYoungGen      total 447488K, used 405256K [0x00000000e0000000, 0x00000000fee80000, 0x0000000100000000)
  eden space 389120K, 100% used [0x00000000e0000000,0x00000000f7c00000,0x00000000f7c00000)
  from space 58368K, 27% used [0x00000000f7c00000,0x00000000f8bc2330,0x00000000fb500000)
  to   space 56320K, 0% used [0x00000000fb780000,0x00000000fb780000,0x00000000fee80000)
 ParOldGen       total 247808K, used 92150K [0x00000000a0000000, 0x00000000af200000, 0x00000000e0000000)
  object space 247808K, 37% used [0x00000000a0000000,0x00000000a59fd800,0x00000000af200000)
 Metaspace       used 190450K, capacity 203328K, committed 203468K, reserved 1226752K
  class space    used 24271K, capacity 26356K, committed 26368K, reserved 1048576K
Event: 19930.280 GC heap after
Heap after GC invocations=79 (full 5):
 PSYoungGen      total 444928K, used 14320K [0x00000000e0000000, 0x00000000fea80000, 0x0000000100000000)
  eden space 392704K, 0% used [0x00000000e0000000,0x00000000e0000000,0x00000000f7f80000)
  from space 52224K, 27% used [0x00000000fb780000,0x00000000fc57c300,0x00000000fea80000)
  to   space 54784K, 0% used [0x00000000f7f80000,0x00000000f7f80000,0x00000000fb500000)
 ParOldGen       total 247808K, used 93802K [0x00000000a0000000, 0x00000000af200000, 0x00000000e0000000)
  object space 247808K, 37% used [0x00000000a0000000,0x00000000a5b9a880,0x00000000af200000)
 Metaspace       used 190450K, capacity 203328K, committed 203468K, reserved 1226752K
  class space    used 24271K, capacity 26356K, committed 26368K, reserved 1048576K
}
Event: 20560.135 GC heap before
{Heap before GC invocations=80 (full 5):
 PSYoungGen      total 444928K, used 407024K [0x00000000e0000000, 0x00000000fea80000, 0x0000000100000000)
  eden space 392704K, 100% used [0x00000000e0000000,0x00000000f7f80000,0x00000000f7f80000)
  from space 52224K, 27% used [0x00000000fb780000,0x00000000fc57c300,0x00000000fea80000)
  to   space 54784K, 0% used [0x00000000f7f80000,0x00000000f7f80000,0x00000000fb500000)
 ParOldGen       total 247808K, used 93802K [0x00000000a0000000, 0x00000000af200000, 0x00000000e0000000)
  object space 247808K, 37% used [0x00000000a0000000,0x00000000a5b9a880,0x00000000af200000)
 Metaspace       used 190554K, capacity 203482K, committed 203724K, reserved 1226752K
  class space    used 24272K, capacity 26357K, committed 26368K, reserved 1048576K
Event: 20560.207 GC heap after
Heap after GC invocations=80 (full 5):
 PSYoungGen      total 447488K, used 8368K [0x00000000e0000000, 0x00000000fec80000, 0x0000000100000000)
  eden space 392704K, 0% used [0x00000000e0000000,0x00000000e0000000,0x00000000f7f80000)
  from space 54784K, 15% used [0x00000000f7f80000,0x00000000f87ac0a0,0x00000000fb500000)
  to   space 54272K, 0% used [0x00000000fb780000,0x00000000fb780000,0x00000000fec80000)
 ParOldGen       total 247808K, used 100480K [0x00000000a0000000, 0x00000000af200000, 0x00000000e0000000)
  object space 247808K, 40% used [0x00000000a0000000,0x00000000a6220028,0x00000000af200000)
 Metaspace       used 190554K, capacity 203482K, committed 203724K, reserved 1226752K
  class space    used 24272K, capacity 26357K, committed 26368K, reserved 1048576K
}

