# JRE version: OpenJDK Runtime Environment (8.0_202-b03) (build 1.8.0_202-release-1483-b03)
# Java VM: OpenJDK 64-Bit Server VM (25.202-b03 mixed mode windows-amd64 compressed oops)
Heap:
 PSYoungGen      total 259072K, used 68839K [0x00000000e0000000, 0x00000000f2c00000, 0x0000000100000000)
  eden space 214016K, 28% used [0x00000000e0000000,0x00000000e3b100e8,0x00000000ed100000)
  from space 45056K, 18% used [0x00000000f0000000,0x00000000f0829c08,0x00000000f2c00000)
  to   space 46592K, 0% used [0x00000000ed100000,0x00000000ed100000,0x00000000efe80000)
 ParOldGen       total 250880K, used 86266K [0x00000000a0000000, 0x00000000af500000, 0x00000000e0000000)
  object space 250880K, 34% used [0x00000000a0000000,0x00000000a543e838,0x00000000af500000)
 Metaspace       used 90844K, capacity 96852K, committed 99352K, reserved 1136640K
  class space    used 11542K, capacity 12533K, committed 13096K, reserved 1048576K
GC Heap History (10 events):
Event: 5406.346 GC heap before
{Heap before GC invocations=50 (full 4):
 PSYoungGen      total 263168K, used 225782K [0x00000000e0000000, 0x00000000f3700000, 0x0000000100000000)
  eden space 205312K, 99% used [0x00000000e0000000,0x00000000ec794a58,0x00000000ec880000)
  from space 57856K, 37% used [0x00000000ec880000,0x00000000edd69148,0x00000000f0100000)
  to   space 54272K, 0% used [0x00000000f0200000,0x00000000f0200000,0x00000000f3700000)
 ParOldGen       total 250880K, used 86226K [0x00000000a0000000, 0x00000000af500000, 0x00000000e0000000)
  object space 250880K, 34% used [0x00000000a0000000,0x00000000a5434838,0x00000000af500000)
 Metaspace       used 90401K, capacity 96236K, committed 98840K, reserved 1134592K
  class space    used 11505K, capacity 12469K, committed 13096K, reserved 1048576K
Event: 5406.369 GC heap after
Heap after GC invocations=50 (full 4):
 PSYoungGen      total 260096K, used 9383K [0x00000000e0000000, 0x00000000f3400000, 0x0000000100000000)
  eden space 208896K, 0% used [0x00000000e0000000,0x00000000e0000000,0x00000000ecc00000)
  from space 51200K, 18% used [0x00000000f0200000,0x00000000f0b29c18,0x00000000f3400000)
  to   space 53248K, 0% used [0x00000000ecc00000,0x00000000ecc00000,0x00000000f0000000)
 ParOldGen       total 250880K, used 86234K [0x00000000a0000000, 0x00000000af500000, 0x00000000e0000000)
  object space 250880K, 34% used [0x00000000a0000000,0x00000000a5436838,0x00000000af500000)
 Metaspace       used 90401K, capacity 96236K, committed 98840K, reserved 1134592K
  class space    used 11505K, capacity 12469K, committed 13096K, reserved 1048576K
}
Event: 5420.110 GC heap before
{Heap before GC invocations=51 (full 4):
 PSYoungGen      total 260096K, used 218274K [0x00000000e0000000, 0x00000000f3400000, 0x0000000100000000)
  eden space 208896K, 99% used [0x00000000e0000000,0x00000000ecbfec40,0x00000000ecc00000)
  from space 51200K, 18% used [0x00000000f0200000,0x00000000f0b29c18,0x00000000f3400000)
  to   space 53248K, 0% used [0x00000000ecc00000,0x00000000ecc00000,0x00000000f0000000)
 ParOldGen       total 250880K, used 86234K [0x00000000a0000000, 0x00000000af500000, 0x00000000e0000000)
  object space 250880K, 34% used [0x00000000a0000000,0x00000000a5436838,0x00000000af500000)
 Metaspace       used 90636K, capacity 96538K, committed 99096K, reserved 1134592K
  class space    used 11534K, capacity 12524K, committed 13096K, reserved 1048576K
Event: 5420.160 GC heap after
Heap after GC invocations=51 (full 4):
 PSYoungGen      total 262144K, used 21675K [0x00000000e0000000, 0x00000000f3200000, 0x0000000100000000)
  eden space 208896K, 0% used [0x00000000e0000000,0x00000000e0000000,0x00000000ecc00000)
  from space 53248K, 40% used [0x00000000ecc00000,0x00000000ee12ae20,0x00000000f0000000)
  to   space 50176K, 0% used [0x00000000f0100000,0x00000000f0100000,0x00000000f3200000)
 ParOldGen       total 250880K, used 86242K [0x00000000a0000000, 0x00000000af500000, 0x00000000e0000000)
  object space 250880K, 34% used [0x00000000a0000000,0x00000000a5438838,0x00000000af500000)
 Metaspace       used 90636K, capacity 96538K, committed 99096K, reserved 1134592K
  class space    used 11534K, capacity 12524K, committed 13096K, reserved 1048576K
}
Event: 5479.974 GC heap before
{Heap before GC invocations=52 (full 4):
 PSYoungGen      total 262144K, used 230571K [0x00000000e0000000, 0x00000000f3200000, 0x0000000100000000)
  eden space 208896K, 100% used [0x00000000e0000000,0x00000000ecc00000,0x00000000ecc00000)
  from space 53248K, 40% used [0x00000000ecc00000,0x00000000ee12ae20,0x00000000f0000000)
  to   space 50176K, 0% used [0x00000000f0100000,0x00000000f0100000,0x00000000f3200000)
 ParOldGen       total 250880K, used 86242K [0x00000000a0000000, 0x00000000af500000, 0x00000000e0000000)
  object space 250880K, 34% used [0x00000000a0000000,0x00000000a5438838,0x00000000af500000)
 Metaspace       used 90714K, capacity 96712K, committed 99096K, reserved 1134592K
  class space    used 11538K, capacity 12531K, committed 13096K, reserved 1048576K
Event: 5479.984 GC heap after
Heap after GC invocations=52 (full 4):
 PSYoungGen      total 258048K, used 12744K [0x00000000e0000000, 0x00000000f2e00000, 0x0000000100000000)
  eden space 211968K, 0% used [0x00000000e0000000,0x00000000e0000000,0x00000000ecf00000)
  from space 46080K, 27% used [0x00000000f0100000,0x00000000f0d72090,0x00000000f2e00000)
  to   space 48640K, 0% used [0x00000000ecf00000,0x00000000ecf00000,0x00000000efe80000)
 ParOldGen       total 250880K, used 86250K [0x00000000a0000000, 0x00000000af500000, 0x00000000e0000000)
  object space 250880K, 34% used [0x00000000a0000000,0x00000000a543a838,0x00000000af500000)
 Metaspace       used 90714K, capacity 96712K, committed 99096K, reserved 1134592K
  class space    used 11538K, capacity 12531K, committed 13096K, reserved 1048576K
}
Event: 5522.267 GC heap before
{Heap before GC invocations=53 (full 4):
 PSYoungGen      total 258048K, used 224712K [0x00000000e0000000, 0x00000000f2e00000, 0x0000000100000000)
  eden space 211968K, 100% used [0x00000000e0000000,0x00000000ecf00000,0x00000000ecf00000)
  from space 46080K, 27% used [0x00000000f0100000,0x00000000f0d72090,0x00000000f2e00000)
  to   space 48640K, 0% used [0x00000000ecf00000,0x00000000ecf00000,0x00000000efe80000)
 ParOldGen       total 250880K, used 86250K [0x00000000a0000000, 0x00000000af500000, 0x00000000e0000000)
  object space 250880K, 34% used [0x00000000a0000000,0x00000000a543a838,0x00000000af500000)
 Metaspace       used 90762K, capacity 96788K, committed 99096K, reserved 1134592K
  class space    used 11539K, capacity 12533K, committed 13096K, reserved 1048576K
Event: 5522.277 GC heap after
Heap after GC invocations=53 (full 4):
 PSYoungGen      total 260608K, used 8072K [0x00000000e0000000, 0x00000000f2e80000, 0x0000000100000000)
  eden space 211968K, 0% used [0x00000000e0000000,0x00000000e0000000,0x00000000ecf00000)
  from space 48640K, 16% used [0x00000000ecf00000,0x00000000ed6e2080,0x00000000efe80000)
  to   space 47616K, 0% used [0x00000000f0000000,0x00000000f0000000,0x00000000f2e80000)
 ParOldGen       total 250880K, used 86258K [0x00000000a0000000, 0x00000000af500000, 0x00000000e0000000)
  object space 250880K, 34% used [0x00000000a0000000,0x00000000a543c838,0x00000000af500000)
 Metaspace       used 90762K, capacity 96788K, committed 99096K, reserved 1134592K
  class space    used 11539K, capacity 12533K, committed 13096K, reserved 1048576K
}
Event: 5677.248 GC heap before
{Heap before GC invocations=54 (full 4):
 PSYoungGen      total 260608K, used 220040K [0x00000000e0000000, 0x00000000f2e80000, 0x0000000100000000)
  eden space 211968K, 100% used [0x00000000e0000000,0x00000000ecf00000,0x00000000ecf00000)
  from space 48640K, 16% used [0x00000000ecf00000,0x00000000ed6e2080,0x00000000efe80000)
  to   space 47616K, 0% used [0x00000000f0000000,0x00000000f0000000,0x00000000f2e80000)
 ParOldGen       total 250880K, used 86258K [0x00000000a0000000, 0x00000000af500000, 0x00000000e0000000)
  object space 250880K, 34% used [0x00000000a0000000,0x00000000a543c838,0x00000000af500000)
 Metaspace       used 90842K, capacity 96852K, committed 99352K, reserved 1136640K
  class space    used 11542K, capacity 12533K, committed 13096K, reserved 1048576K
Event: 5677.259 GC heap after
Heap after GC invocations=54 (full 4):
 PSYoungGen      total 259072K, used 8359K [0x00000000e0000000, 0x00000000f2c00000, 0x0000000100000000)
  eden space 214016K, 0% used [0x00000000e0000000,0x00000000e0000000,0x00000000ed100000)
  from space 45056K, 18% used [0x00000000f0000000,0x00000000f0829c08,0x00000000f2c00000)
  to   space 46592K, 0% used [0x00000000ed100000,0x00000000ed100000,0x00000000efe80000)
 ParOldGen       total 250880K, used 86266K [0x00000000a0000000, 0x00000000af500000, 0x00000000e0000000)
  object space 250880K, 34% used [0x00000000a0000000,0x00000000a543e838,0x00000000af500000)
 Metaspace       used 90842K, capacity 96852K, committed 99352K, reserved 1136640K
  class space    used 11542K, capacity 12533K, committed 13096K, reserved 1048576K
}

