# JRE version: OpenJDK Runtime Environment (8.0_202-b03) (build 1.8.0_202-release-1483-b03)
# Java VM: OpenJDK 64-Bit Server VM (25.202-b03 mixed mode windows-amd64 compressed oops)
Heap:
 PSYoungGen      total 421376K, used 93521K [0x00000000e0000000, 0x00000000ff780000, 0x0000000100000000)
  eden space 340480K, 8% used [0x00000000e0000000,0x00000000e1b97258,0x00000000f4c80000)
  from space 80896K, 80% used [0x00000000fa780000,0x00000000fe73d430,0x00000000ff680000)
  to   space 87552K, 0% used [0x00000000f4c80000,0x00000000f4c80000,0x00000000fa200000)
 ParOldGen       total 238592K, used 128692K [0x00000000a0000000, 0x00000000ae900000, 0x00000000e0000000)
  object space 238592K, 53% used [0x00000000a0000000,0x00000000a7dad348,0x00000000ae900000)
 Metaspace       used 149797K, capacity 160160K, committed 160256K, reserved 1189888K
  class space    used 18883K, capacity 20693K, committed 20736K, reserved 1048576K
GC Heap History (10 events):
Event: 1970.408 GC heap before
{Heap before GC invocations=32 (full 4):
 PSYoungGen      total 479744K, used 479310K [0x00000000e0000000, 0x0000000100000000, 0x0000000100000000)
  eden space 446464K, 100% used [0x00000000e0000000,0x00000000fb400000,0x00000000fb400000)
  from space 33280K, 98% used [0x00000000fb400000,0x00000000fd413a90,0x00000000fd480000)
  to   space 41984K, 0% used [0x00000000fd700000,0x00000000fd700000,0x0000000100000000)
 ParOldGen       total 238592K, used 77327K [0x00000000a0000000, 0x00000000ae900000, 0x00000000e0000000)
  object space 238592K, 32% used [0x00000000a0000000,0x00000000a4b83ca0,0x00000000ae900000)
 Metaspace       used 138748K, capacity 145720K, committed 145792K, reserved 1175552K
  class space    used 17681K, capacity 19014K, committed 19072K, reserved 1048576K
Event: 1970.486 GC heap after
Heap after GC invocations=32 (full 4):
 PSYoungGen      total 450560K, used 41960K [0x00000000e0000000, 0x0000000100000000, 0x0000000100000000)
  eden space 408576K, 0% used [0x00000000e0000000,0x00000000e0000000,0x00000000f8f00000)
  from space 41984K, 99% used [0x00000000fd700000,0x00000000ffffa090,0x0000000100000000)
  to   space 57856K, 0% used [0x00000000f8f00000,0x00000000f8f00000,0x00000000fc780000)
 ParOldGen       total 238592K, used 104009K [0x00000000a0000000, 0x00000000ae900000, 0x00000000e0000000)
  object space 238592K, 43% used [0x00000000a0000000,0x00000000a65927e0,0x00000000ae900000)
 Metaspace       used 138748K, capacity 145720K, committed 145792K, reserved 1175552K
  class space    used 17681K, capacity 19014K, committed 19072K, reserved 1048576K
}
Event: 2371.386 GC heap before
{Heap before GC invocations=33 (full 4):
 PSYoungGen      total 450560K, used 450536K [0x00000000e0000000, 0x0000000100000000, 0x0000000100000000)
  eden space 408576K, 100% used [0x00000000e0000000,0x00000000f8f00000,0x00000000f8f00000)
  from space 41984K, 99% used [0x00000000fd700000,0x00000000ffffa090,0x0000000100000000)
  to   space 57856K, 0% used [0x00000000f8f00000,0x00000000f8f00000,0x00000000fc780000)
 ParOldGen       total 238592K, used 104009K [0x00000000a0000000, 0x00000000ae900000, 0x00000000e0000000)
  object space 238592K, 43% used [0x00000000a0000000,0x00000000a65927e0,0x00000000ae900000)
 Metaspace       used 143587K, capacity 150924K, committed 151168K, reserved 1181696K
  class space    used 18109K, capacity 19511K, committed 19584K, reserved 1048576K
Event: 2371.457 GC heap after
Heap after GC invocations=33 (full 4):
 PSYoungGen      total 451584K, used 57854K [0x00000000e0000000, 0x0000000100000000, 0x0000000100000000)
  eden space 393728K, 0% used [0x00000000e0000000,0x00000000e0000000,0x00000000f8080000)
  from space 57856K, 99% used [0x00000000f8f00000,0x00000000fc77f820,0x00000000fc780000)
  to   space 57856K, 0% used [0x00000000fc780000,0x00000000fc780000,0x0000000100000000)
 ParOldGen       total 238592K, used 110194K [0x00000000a0000000, 0x00000000ae900000, 0x00000000e0000000)
  object space 238592K, 46% used [0x00000000a0000000,0x00000000a6b9cbe0,0x00000000ae900000)
 Metaspace       used 143587K, capacity 150924K, committed 151168K, reserved 1181696K
  class space    used 18109K, capacity 19511K, committed 19584K, reserved 1048576K
}
Event: 2992.894 GC heap before
{Heap before GC invocations=34 (full 4):
 PSYoungGen      total 451584K, used 451582K [0x00000000e0000000, 0x0000000100000000, 0x0000000100000000)
  eden space 393728K, 100% used [0x00000000e0000000,0x00000000f8080000,0x00000000f8080000)
  from space 57856K, 99% used [0x00000000f8f00000,0x00000000fc77f820,0x00000000fc780000)
  to   space 57856K, 0% used [0x00000000fc780000,0x00000000fc780000,0x0000000100000000)
 ParOldGen       total 238592K, used 110194K [0x00000000a0000000, 0x00000000ae900000, 0x00000000e0000000)
  object space 238592K, 46% used [0x00000000a0000000,0x00000000a6b9cbe0,0x00000000ae900000)
 Metaspace       used 146147K, capacity 154066K, committed 154368K, reserved 1183744K
  class space    used 18385K, capacity 19877K, committed 19968K, reserved 1048576K
Event: 2992.974 GC heap after
Heap after GC invocations=34 (full 4):
 PSYoungGen      total 423424K, used 57848K [0x00000000e0000000, 0x0000000100000000, 0x0000000100000000)
  eden space 365568K, 0% used [0x00000000e0000000,0x00000000e0000000,0x00000000f6500000)
  from space 57856K, 99% used [0x00000000fc780000,0x00000000ffffe008,0x0000000100000000)
  to   space 79360K, 0% used [0x00000000f6500000,0x00000000f6500000,0x00000000fb280000)
 ParOldGen       total 238592K, used 121568K [0x00000000a0000000, 0x00000000ae900000, 0x00000000e0000000)
  object space 238592K, 50% used [0x00000000a0000000,0x00000000a76b8308,0x00000000ae900000)
 Metaspace       used 146147K, capacity 154066K, committed 154368K, reserved 1183744K
  class space    used 18385K, capacity 19877K, committed 19968K, reserved 1048576K
}
Event: 6531.054 GC heap before
{Heap before GC invocations=35 (full 4):
 PSYoungGen      total 423424K, used 423416K [0x00000000e0000000, 0x0000000100000000, 0x0000000100000000)
  eden space 365568K, 100% used [0x00000000e0000000,0x00000000f6500000,0x00000000f6500000)
  from space 57856K, 99% used [0x00000000fc780000,0x00000000ffffe008,0x0000000100000000)
  to   space 79360K, 0% used [0x00000000f6500000,0x00000000f6500000,0x00000000fb280000)
 ParOldGen       total 238592K, used 121568K [0x00000000a0000000, 0x00000000ae900000, 0x00000000e0000000)
  object space 238592K, 50% used [0x00000000a0000000,0x00000000a76b8308,0x00000000ae900000)
 Metaspace       used 147868K, capacity 156854K, committed 157056K, reserved 1185792K
  class space    used 18617K, capacity 20260K, committed 20352K, reserved 1048576K
Event: 6531.234 GC heap after
Heap after GC invocations=35 (full 4):
 PSYoungGen      total 402944K, used 49877K [0x00000000e0000000, 0x00000000ff680000, 0x0000000100000000)
  eden space 352768K, 0% used [0x00000000e0000000,0x00000000e0000000,0x00000000f5880000)
  from space 50176K, 99% used [0x00000000f6500000,0x00000000f95b55a8,0x00000000f9600000)
  to   space 80896K, 0% used [0x00000000fa780000,0x00000000fa780000,0x00000000ff680000)
 ParOldGen       total 238592K, used 128684K [0x00000000a0000000, 0x00000000ae900000, 0x00000000e0000000)
  object space 238592K, 53% used [0x00000000a0000000,0x00000000a7dab348,0x00000000ae900000)
 Metaspace       used 147868K, capacity 156854K, committed 157056K, reserved 1185792K
  class space    used 18617K, capacity 20260K, committed 20352K, reserved 1048576K
}
Event: 6928.060 GC heap before
{Heap before GC invocations=36 (full 4):
 PSYoungGen      total 402944K, used 402645K [0x00000000e0000000, 0x00000000ff680000, 0x0000000100000000)
  eden space 352768K, 100% used [0x00000000e0000000,0x00000000f5880000,0x00000000f5880000)
  from space 50176K, 99% used [0x00000000f6500000,0x00000000f95b55a8,0x00000000f9600000)
  to   space 80896K, 0% used [0x00000000fa780000,0x00000000fa780000,0x00000000ff680000)
 ParOldGen       total 238592K, used 128684K [0x00000000a0000000, 0x00000000ae900000, 0x00000000e0000000)
  object space 238592K, 53% used [0x00000000a0000000,0x00000000a7dab348,0x00000000ae900000)
 Metaspace       used 149781K, capacity 160160K, committed 160256K, reserved 1189888K
  class space    used 18882K, capacity 20693K, committed 20736K, reserved 1048576K
Event: 6928.380 GC heap after
Heap after GC invocations=36 (full 4):
 PSYoungGen      total 421376K, used 65269K [0x00000000e0000000, 0x00000000ff780000, 0x0000000100000000)
  eden space 340480K, 0% used [0x00000000e0000000,0x00000000e0000000,0x00000000f4c80000)
  from space 80896K, 80% used [0x00000000fa780000,0x00000000fe73d430,0x00000000ff680000)
  to   space 87552K, 0% used [0x00000000f4c80000,0x00000000f4c80000,0x00000000fa200000)
 ParOldGen       total 238592K, used 128692K [0x00000000a0000000, 0x00000000ae900000, 0x00000000e0000000)
  object space 238592K, 53% used [0x00000000a0000000,0x00000000a7dad348,0x00000000ae900000)
 Metaspace       used 149781K, capacity 160160K, committed 160256K, reserved 1189888K
  class space    used 18882K, capacity 20693K, committed 20736K, reserved 1048576K
}

