# JRE version: OpenJDK Runtime Environment (8.0_202-b03) (build 1.8.0_202-release-1483-b03)
# Java VM: OpenJDK 64-Bit Server VM (25.202-b03 mixed mode windows-amd64 compressed oops)
Heap:
 PSYoungGen      total 172032K, used 129517K [0x00000000e0000000, 0x00000000ec400000, 0x0000000100000000)
  eden space 147968K, 71% used [0x00000000e0000000,0x00000000e66fc8a8,0x00000000e9080000)
  from space 24064K, 99% used [0x00000000e9080000,0x00000000ea7fec48,0x00000000ea800000)
  to   space 21504K, 0% used [0x00000000ea800000,0x00000000ea800000,0x00000000ebd00000)
 ParOldGen       total 140800K, used 53981K [0x00000000a0000000, 0x00000000a8980000, 0x00000000e0000000)
  object space 140800K, 38% used [0x00000000a0000000,0x00000000a34b7710,0x00000000a8980000)
 Metaspace       used 82543K, capacity 86165K, committed 86424K, reserved 1124352K
  class space    used 10912K, capacity 11608K, committed 11688K, reserved 1048576K
GC Heap History (10 events):
Event: 16.117 GC heap before
{Heap before GC invocations=20 (full 3):
 PSYoungGen      total 133120K, used 132738K [0x00000000e0000000, 0x00000000e9700000, 0x0000000100000000)
  eden space 123392K, 100% used [0x00000000e0000000,0x00000000e7880000,0x00000000e7880000)
  from space 9728K, 96% used [0x00000000e8d80000,0x00000000e96a0a38,0x00000000e9700000)
  to   space 13824K, 0% used [0x00000000e7c00000,0x00000000e7c00000,0x00000000e8980000)
 ParOldGen       total 140800K, used 28960K [0x00000000a0000000, 0x00000000a8980000, 0x00000000e0000000)
  object space 140800K, 20% used [0x00000000a0000000,0x00000000a1c481b8,0x00000000a8980000)
 Metaspace       used 64639K, capacity 66967K, committed 67352K, reserved 1107968K
  class space    used 8630K, capacity 9133K, committed 9256K, reserved 1048576K
Event: 16.147 GC heap after
Heap after GC invocations=20 (full 3):
 PSYoungGen      total 140800K, used 13799K [0x00000000e0000000, 0x00000000eac00000, 0x0000000100000000)
  eden space 126976K, 0% used [0x00000000e0000000,0x00000000e0000000,0x00000000e7c00000)
  from space 13824K, 99% used [0x00000000e7c00000,0x00000000e8979e60,0x00000000e8980000)
  to   space 18432K, 0% used [0x00000000e9a00000,0x00000000e9a00000,0x00000000eac00000)
 ParOldGen       total 140800K, used 36363K [0x00000000a0000000, 0x00000000a8980000, 0x00000000e0000000)
  object space 140800K, 25% used [0x00000000a0000000,0x00000000a2382fe0,0x00000000a8980000)
 Metaspace       used 64639K, capacity 66967K, committed 67352K, reserved 1107968K
  class space    used 8630K, capacity 9133K, committed 9256K, reserved 1048576K
}
Event: 21.345 GC heap before
{Heap before GC invocations=21 (full 3):
 PSYoungGen      total 140800K, used 140703K [0x00000000e0000000, 0x00000000eac00000, 0x0000000100000000)
  eden space 126976K, 99% used [0x00000000e0000000,0x00000000e7bedf50,0x00000000e7c00000)
  from space 13824K, 99% used [0x00000000e7c00000,0x00000000e8979e60,0x00000000e8980000)
  to   space 18432K, 0% used [0x00000000e9a00000,0x00000000e9a00000,0x00000000eac00000)
 ParOldGen       total 140800K, used 36363K [0x00000000a0000000, 0x00000000a8980000, 0x00000000e0000000)
  object space 140800K, 25% used [0x00000000a0000000,0x00000000a2382fe0,0x00000000a8980000)
 Metaspace       used 70249K, capacity 72547K, committed 72856K, reserved 1112064K
  class space    used 9307K, capacity 9815K, committed 9896K, reserved 1048576K
Event: 21.360 GC heap after
Heap after GC invocations=21 (full 3):
 PSYoungGen      total 154624K, used 18420K [0x00000000e0000000, 0x00000000eb380000, 0x0000000100000000)
  eden space 136192K, 0% used [0x00000000e0000000,0x00000000e0000000,0x00000000e8500000)
  from space 18432K, 99% used [0x00000000e9a00000,0x00000000eabfd080,0x00000000eac00000)
  to   space 21504K, 0% used [0x00000000e8500000,0x00000000e8500000,0x00000000e9a00000)
 ParOldGen       total 140800K, used 37542K [0x00000000a0000000, 0x00000000a8980000, 0x00000000e0000000)
  object space 140800K, 26% used [0x00000000a0000000,0x00000000a24a9a28,0x00000000a8980000)
 Metaspace       used 70249K, capacity 72547K, committed 72856K, reserved 1112064K
  class space    used 9307K, capacity 9815K, committed 9896K, reserved 1048576K
}
Event: 23.541 GC heap before
{Heap before GC invocations=22 (full 3):
 PSYoungGen      total 154624K, used 154612K [0x00000000e0000000, 0x00000000eb380000, 0x0000000100000000)
  eden space 136192K, 100% used [0x00000000e0000000,0x00000000e8500000,0x00000000e8500000)
  from space 18432K, 99% used [0x00000000e9a00000,0x00000000eabfd080,0x00000000eac00000)
  to   space 21504K, 0% used [0x00000000e8500000,0x00000000e8500000,0x00000000e9a00000)
 ParOldGen       total 140800K, used 37542K [0x00000000a0000000, 0x00000000a8980000, 0x00000000e0000000)
  object space 140800K, 26% used [0x00000000a0000000,0x00000000a24a9a28,0x00000000a8980000)
 Metaspace       used 73127K, capacity 75717K, committed 75928K, reserved 1116160K
  class space    used 9563K, capacity 10114K, committed 10152K, reserved 1048576K
Event: 23.566 GC heap after
Heap after GC invocations=22 (full 3):
 PSYoungGen      total 157696K, used 12402K [0x00000000e0000000, 0x00000000ebd00000, 0x0000000100000000)
  eden space 136192K, 0% used [0x00000000e0000000,0x00000000e0000000,0x00000000e8500000)
  from space 21504K, 57% used [0x00000000e8500000,0x00000000e911caf8,0x00000000e9a00000)
  to   space 21504K, 0% used [0x00000000ea800000,0x00000000ea800000,0x00000000ebd00000)
 ParOldGen       total 140800K, used 49007K [0x00000000a0000000, 0x00000000a8980000, 0x00000000e0000000)
  object space 140800K, 34% used [0x00000000a0000000,0x00000000a2fdbc48,0x00000000a8980000)
 Metaspace       used 73127K, capacity 75717K, committed 75928K, reserved 1116160K
  class space    used 9563K, capacity 10114K, committed 10152K, reserved 1048576K
}
Event: 24.800 GC heap before
{Heap before GC invocations=23 (full 3):
 PSYoungGen      total 157696K, used 148463K [0x00000000e0000000, 0x00000000ebd00000, 0x0000000100000000)
  eden space 136192K, 99% used [0x00000000e0000000,0x00000000e84df4e0,0x00000000e8500000)
  from space 21504K, 57% used [0x00000000e8500000,0x00000000e911caf8,0x00000000e9a00000)
  to   space 21504K, 0% used [0x00000000ea800000,0x00000000ea800000,0x00000000ebd00000)
 ParOldGen       total 140800K, used 49007K [0x00000000a0000000, 0x00000000a8980000, 0x00000000e0000000)
  object space 140800K, 34% used [0x00000000a0000000,0x00000000a2fdbc48,0x00000000a8980000)
 Metaspace       used 80643K, capacity 84245K, committed 84376K, reserved 1122304K
  class space    used 10683K, capacity 11372K, committed 11432K, reserved 1048576K
Event: 24.830 GC heap after
Heap after GC invocations=23 (full 3):
 PSYoungGen      total 169472K, used 20034K [0x00000000e0000000, 0x00000000ec400000, 0x0000000100000000)
  eden space 147968K, 0% used [0x00000000e0000000,0x00000000e0000000,0x00000000e9080000)
  from space 21504K, 93% used [0x00000000ea800000,0x00000000ebb908b8,0x00000000ebd00000)
  to   space 24064K, 0% used [0x00000000e9080000,0x00000000e9080000,0x00000000ea800000)
 ParOldGen       total 140800K, used 49023K [0x00000000a0000000, 0x00000000a8980000, 0x00000000e0000000)
  object space 140800K, 34% used [0x00000000a0000000,0x00000000a2fdfc48,0x00000000a8980000)
 Metaspace       used 80643K, capacity 84245K, committed 84376K, reserved 1122304K
  class space    used 10683K, capacity 11372K, committed 11432K, reserved 1048576K
}
Event: 25.815 GC heap before
{Heap before GC invocations=24 (full 3):
 PSYoungGen      total 169472K, used 168002K [0x00000000e0000000, 0x00000000ec400000, 0x0000000100000000)
  eden space 147968K, 100% used [0x00000000e0000000,0x00000000e9080000,0x00000000e9080000)
  from space 21504K, 93% used [0x00000000ea800000,0x00000000ebb908b8,0x00000000ebd00000)
  to   space 24064K, 0% used [0x00000000e9080000,0x00000000e9080000,0x00000000ea800000)
 ParOldGen       total 140800K, used 49023K [0x00000000a0000000, 0x00000000a8980000, 0x00000000e0000000)
  object space 140800K, 34% used [0x00000000a0000000,0x00000000a2fdfc48,0x00000000a8980000)
 Metaspace       used 82234K, capacity 85927K, committed 86168K, reserved 1124352K
  class space    used 10895K, capacity 11605K, committed 11688K, reserved 1048576K
Event: 25.847 GC heap after
Heap after GC invocations=24 (full 3):
 PSYoungGen      total 172032K, used 24059K [0x00000000e0000000, 0x00000000ec400000, 0x0000000100000000)
  eden space 147968K, 0% used [0x00000000e0000000,0x00000000e0000000,0x00000000e9080000)
  from space 24064K, 99% used [0x00000000e9080000,0x00000000ea7fec48,0x00000000ea800000)
  to   space 21504K, 0% used [0x00000000ea800000,0x00000000ea800000,0x00000000ebd00000)
 ParOldGen       total 140800K, used 53981K [0x00000000a0000000, 0x00000000a8980000, 0x00000000e0000000)
  object space 140800K, 38% used [0x00000000a0000000,0x00000000a34b7710,0x00000000a8980000)
 Metaspace       used 82234K, capacity 85927K, committed 86168K, reserved 1124352K
  class space    used 10895K, capacity 11605K, committed 11688K, reserved 1048576K
}

