# JRE version: OpenJDK Runtime Environment (8.0_202-b03) (build 1.8.0_202-release-1483-b03)
# Java VM: OpenJDK 64-Bit Server VM (25.202-b03 mixed mode windows-amd64 compressed oops)
Heap:
 PSYoungGen      total 432128K, used 286234K [0x00000000e0000000, 0x00000000ff700000, 0x0000000100000000)
  eden space 398848K, 69% used [0x00000000e0000000,0x00000000f10268b8,0x00000000f8580000)
  from space 33280K, 22% used [0x00000000f8580000,0x00000000f8ce0010,0x00000000fa600000)
  to   space 32256K, 0% used [0x00000000fd780000,0x00000000fd780000,0x00000000ff700000)
 ParOldGen       total 175616K, used 118171K [0x00000000a0000000, 0x00000000aab80000, 0x00000000e0000000)
  object space 175616K, 67% used [0x00000000a0000000,0x00000000a7366d00,0x00000000aab80000)
 Metaspace       used 98963K, capacity 104244K, committed 105368K, reserved 1140736K
  class space    used 12453K, capacity 13409K, committed 13736K, reserved 1048576K
GC Heap History (10 events):
Event: 2884.509 GC heap before
{Heap before GC invocations=47 (full 4):
 PSYoungGen      total 343552K, used 314660K [0x00000000e0000000, 0x00000000f7780000, 0x0000000100000000)
  eden space 308736K, 100% used [0x00000000e0000000,0x00000000f2d80000,0x00000000f2d80000)
  from space 34816K, 17% used [0x00000000f5580000,0x00000000f5b491a0,0x00000000f7780000)
  to   space 37888K, 0% used [0x00000000f2d80000,0x00000000f2d80000,0x00000000f5280000)
 ParOldGen       total 175616K, used 93546K [0x00000000a0000000, 0x00000000aab80000, 0x00000000e0000000)
  object space 175616K, 53% used [0x00000000a0000000,0x00000000a5b5aba8,0x00000000aab80000)
 Metaspace       used 98814K, capacity 104080K, committed 105112K, reserved 1140736K
  class space    used 12449K, capacity 13403K, committed 13736K, reserved 1048576K
Event: 2884.531 GC heap after
Heap after GC invocations=47 (full 4):
 PSYoungGen      total 346624K, used 5504K [0x00000000e0000000, 0x00000000fa380000, 0x0000000100000000)
  eden space 308736K, 0% used [0x00000000e0000000,0x00000000e0000000,0x00000000f2d80000)
  from space 37888K, 14% used [0x00000000f2d80000,0x00000000f32e0000,0x00000000f5280000)
  to   space 37376K, 0% used [0x00000000f7f00000,0x00000000f7f00000,0x00000000fa380000)
 ParOldGen       total 175616K, used 98726K [0x00000000a0000000, 0x00000000aab80000, 0x00000000e0000000)
  object space 175616K, 56% used [0x00000000a0000000,0x00000000a6069938,0x00000000aab80000)
 Metaspace       used 98814K, capacity 104080K, committed 105112K, reserved 1140736K
  class space    used 12449K, capacity 13403K, committed 13736K, reserved 1048576K
}
Event: 2885.612 GC heap before
{Heap before GC invocations=48 (full 4):
 PSYoungGen      total 346624K, used 314240K [0x00000000e0000000, 0x00000000fa380000, 0x0000000100000000)
  eden space 308736K, 100% used [0x00000000e0000000,0x00000000f2d80000,0x00000000f2d80000)
  from space 37888K, 14% used [0x00000000f2d80000,0x00000000f32e0000,0x00000000f5280000)
  to   space 37376K, 0% used [0x00000000f7f00000,0x00000000f7f00000,0x00000000fa380000)
 ParOldGen       total 175616K, used 98726K [0x00000000a0000000, 0x00000000aab80000, 0x00000000e0000000)
  object space 175616K, 56% used [0x00000000a0000000,0x00000000a6069938,0x00000000aab80000)
 Metaspace       used 98836K, capacity 104162K, committed 105112K, reserved 1140736K
  class space    used 12451K, capacity 13406K, committed 13736K, reserved 1048576K
Event: 2885.641 GC heap after
Heap after GC invocations=48 (full 4):
 PSYoungGen      total 385024K, used 5696K [0x00000000e0000000, 0x00000000f9f00000, 0x0000000100000000)
  eden space 352256K, 0% used [0x00000000e0000000,0x00000000e0000000,0x00000000f5800000)
  from space 32768K, 17% used [0x00000000f7f00000,0x00000000f8490010,0x00000000f9f00000)
  to   space 36352K, 0% used [0x00000000f5800000,0x00000000f5800000,0x00000000f7b80000)
 ParOldGen       total 175616K, used 103776K [0x00000000a0000000, 0x00000000aab80000, 0x00000000e0000000)
  object space 175616K, 59% used [0x00000000a0000000,0x00000000a6558230,0x00000000aab80000)
 Metaspace       used 98836K, capacity 104162K, committed 105112K, reserved 1140736K
  class space    used 12451K, capacity 13406K, committed 13736K, reserved 1048576K
}
Event: 2886.965 GC heap before
{Heap before GC invocations=49 (full 4):
 PSYoungGen      total 385024K, used 357952K [0x00000000e0000000, 0x00000000f9f00000, 0x0000000100000000)
  eden space 352256K, 100% used [0x00000000e0000000,0x00000000f5800000,0x00000000f5800000)
  from space 32768K, 17% used [0x00000000f7f00000,0x00000000f8490010,0x00000000f9f00000)
  to   space 36352K, 0% used [0x00000000f5800000,0x00000000f5800000,0x00000000f7b80000)
 ParOldGen       total 175616K, used 103776K [0x00000000a0000000, 0x00000000aab80000, 0x00000000e0000000)
  object space 175616K, 59% used [0x00000000a0000000,0x00000000a6558230,0x00000000aab80000)
 Metaspace       used 98885K, capacity 104180K, committed 105112K, reserved 1140736K
  class space    used 12453K, capacity 13409K, committed 13736K, reserved 1048576K
Event: 2887.020 GC heap after
Heap after GC invocations=49 (full 4):
 PSYoungGen      total 388608K, used 10465K [0x00000000e0000000, 0x00000000fca80000, 0x0000000100000000)
  eden space 352256K, 0% used [0x00000000e0000000,0x00000000e0000000,0x00000000f5800000)
  from space 36352K, 28% used [0x00000000f5800000,0x00000000f62387c8,0x00000000f7b80000)
  to   space 34304K, 0% used [0x00000000fa900000,0x00000000fa900000,0x00000000fca80000)
 ParOldGen       total 175616K, used 108920K [0x00000000a0000000, 0x00000000aab80000, 0x00000000e0000000)
  object space 175616K, 62% used [0x00000000a0000000,0x00000000a6a5e250,0x00000000aab80000)
 Metaspace       used 98885K, capacity 104180K, committed 105112K, reserved 1140736K
  class space    used 12453K, capacity 13409K, committed 13736K, reserved 1048576K
}
Event: 2888.556 GC heap before
{Heap before GC invocations=50 (full 4):
 PSYoungGen      total 388608K, used 362721K [0x00000000e0000000, 0x00000000fca80000, 0x0000000100000000)
  eden space 352256K, 100% used [0x00000000e0000000,0x00000000f5800000,0x00000000f5800000)
  from space 36352K, 28% used [0x00000000f5800000,0x00000000f62387c8,0x00000000f7b80000)
  to   space 34304K, 0% used [0x00000000fa900000,0x00000000fa900000,0x00000000fca80000)
 ParOldGen       total 175616K, used 108920K [0x00000000a0000000, 0x00000000aab80000, 0x00000000e0000000)
  object space 175616K, 62% used [0x00000000a0000000,0x00000000a6a5e250,0x00000000aab80000)
 Metaspace       used 98909K, capacity 104180K, committed 105112K, reserved 1140736K
  class space    used 12453K, capacity 13409K, committed 13736K, reserved 1048576K
Event: 2888.601 GC heap after
Heap after GC invocations=50 (full 4):
 PSYoungGen      total 429056K, used 5632K [0x00000000e0000000, 0x00000000fc680000, 0x0000000100000000)
  eden space 398848K, 0% used [0x00000000e0000000,0x00000000e0000000,0x00000000f8580000)
  from space 30208K, 18% used [0x00000000fa900000,0x00000000fae80020,0x00000000fc680000)
  to   space 33280K, 0% used [0x00000000f8580000,0x00000000f8580000,0x00000000fa600000)
 ParOldGen       total 175616K, used 113360K [0x00000000a0000000, 0x00000000aab80000, 0x00000000e0000000)
  object space 175616K, 64% used [0x00000000a0000000,0x00000000a6eb4280,0x00000000aab80000)
 Metaspace       used 98909K, capacity 104180K, committed 105112K, reserved 1140736K
  class space    used 12453K, capacity 13409K, committed 13736K, reserved 1048576K
}
Event: 2891.466 GC heap before
{Heap before GC invocations=51 (full 4):
 PSYoungGen      total 429056K, used 404480K [0x00000000e0000000, 0x00000000fc680000, 0x0000000100000000)
  eden space 398848K, 100% used [0x00000000e0000000,0x00000000f8580000,0x00000000f8580000)
  from space 30208K, 18% used [0x00000000fa900000,0x00000000fae80020,0x00000000fc680000)
  to   space 33280K, 0% used [0x00000000f8580000,0x00000000f8580000,0x00000000fa600000)
 ParOldGen       total 175616K, used 113360K [0x00000000a0000000, 0x00000000aab80000, 0x00000000e0000000)
  object space 175616K, 64% used [0x00000000a0000000,0x00000000a6eb4280,0x00000000aab80000)
 Metaspace       used 98928K, capacity 104180K, committed 105112K, reserved 1140736K
  class space    used 12453K, capacity 13409K, committed 13736K, reserved 1048576K
Event: 2891.563 GC heap after
Heap after GC invocations=51 (full 4):
 PSYoungGen      total 432128K, used 7552K [0x00000000e0000000, 0x00000000ff700000, 0x0000000100000000)
  eden space 398848K, 0% used [0x00000000e0000000,0x00000000e0000000,0x00000000f8580000)
  from space 33280K, 22% used [0x00000000f8580000,0x00000000f8ce0010,0x00000000fa600000)
  to   space 32256K, 0% used [0x00000000fd780000,0x00000000fd780000,0x00000000ff700000)
 ParOldGen       total 175616K, used 118171K [0x00000000a0000000, 0x00000000aab80000, 0x00000000e0000000)
  object space 175616K, 67% used [0x00000000a0000000,0x00000000a7366d00,0x00000000aab80000)
 Metaspace       used 98928K, capacity 104180K, committed 105112K, reserved 1140736K
  class space    used 12453K, capacity 13409K, committed 13736K, reserved 1048576K
}

